INFO:root:Beginning For Loop
INFO:root:Starting Cutout for 390.png
INFO:root:Cutout complete. 
INFO:root:Saving new Image. 
INFO:root:Image saved.
INFO:root:Starting Cutout for 381.png
INFO:root:Beginning For Loop
INFO:root:Starting Cutout for 390.png
INFO:root:Cutout complete. 
INFO:root:Saving new Image. 
INFO:root:Image saved.
INFO:root:Starting Cutout for 381.png
INFO:root:Cutout complete. 
INFO:root:Saving new Image. 
INFO:root:Image saved.
INFO:root:Starting Cutout for 338.png
INFO:root:Cutout complete. 
INFO:root:Saving new Image. 
INFO:root:Image saved.
INFO:root:Starting Cutout for 216.png
INFO:root:Cutout complete. 
INFO:root:Saving new Image. 
INFO:root:Image saved.
INFO:root:Starting Cutout for 275.png
INFO:root:Cutout complete. 
INFO:root:Saving new Image. 
INFO:root:Image saved.
INFO:root:Starting Cutout for 22.png
INFO:root:Cutout complete. 
INFO:root:Saving new Image. 
INFO:root:Image saved.
INFO:root:Starting Cutout for 58.png
INFO:root:Cutting not working for 58.png 
INFO:root:Starting Cutout for 60.png
INFO:root:Cutout complete. 
INFO:root:Saving new Image. 
INFO:root:Image saved.
INFO:root:Starting Cutout for 283.png
INFO:root:Cutout complete. 
INFO:root:Saving new Image. 
INFO:root:Image saved.
INFO:root:Starting Cutout for 249.png
INFO:root:Cutout complete. 
INFO:root:Saving new Image. 
INFO:root:Image saved.
INFO:root:Starting Cutout for 278.png
INFO:root:Cutout complete. 
INFO:root:Saving new Image. 
INFO:root:Image saved.
INFO:root:Starting Cutout for 316.png
INFO:root:Cutout complete. 
INFO:root:Saving new Image. 
INFO:root:Image saved.
INFO:root:Starting Cutout for 348.png
INFO:root:Cutout complete. 
INFO:root:Saving new Image. 
INFO:root:Image saved.
INFO:root:Starting Cutout for 438.png
INFO:root:Cutout complete. 
INFO:root:Saving new Image. 
INFO:root:Image saved.
INFO:root:Starting Cutout for 246.png
INFO:root:Cutout complete. 
INFO:root:Saving new Image. 
INFO:root:Image saved.
INFO:root:Starting Cutout for 360.png
INFO:root:Cutout complete. 
INFO:root:Saving new Image. 
INFO:root:Image saved.
INFO:root:Starting Cutout for 239.png
INFO:root:Cutout complete. 
INFO:root:Saving new Image. 
INFO:root:Image saved.
INFO:root:Starting Cutout for 428.png
INFO:root:Cutout complete. 
INFO:root:Saving new Image. 
INFO:root:Image saved.
INFO:root:Starting Cutout for 315.png
INFO:root:Cutout complete. 
INFO:root:Saving new Image. 
INFO:root:Image saved.
INFO:root:Starting Cutout for 388.png
INFO:root:Cutout complete. 
INFO:root:Saving new Image. 
INFO:root:Image saved.
INFO:root:Starting Cutout for 33.png
INFO:root:Cutout complete. 
INFO:root:Saving new Image. 
INFO:root:Image saved.
INFO:root:Starting Cutout for 167.png
INFO:root:Cutout complete. 
INFO:root:Saving new Image. 
INFO:root:Image saved.
INFO:root:Starting Cutout for 356.png
INFO:root:Cutout complete. 
INFO:root:Saving new Image. 
INFO:root:Image saved.
INFO:root:Starting Cutout for 175.png
INFO:root:Cutout complete. 
INFO:root:Saving new Image. 
INFO:root:Image saved.
INFO:root:Starting Cutout for 34.png
INFO:root:Cutout complete. 
INFO:root:Saving new Image. 
INFO:root:Image saved.
INFO:root:Starting Cutout for 10.png
INFO:root:Cutout complete. 
INFO:root:Saving new Image. 
INFO:root:Image saved.
INFO:root:Starting Cutout for 188.png
INFO:root:Cutout complete. 
INFO:root:Saving new Image. 
INFO:root:Image saved.
INFO:root:Starting Cutout for 374.png
INFO:root:Cutout complete. 
INFO:root:Saving new Image. 
INFO:root:Image saved.
INFO:root:Starting Cutout for 272.png
INFO:root:Cutout complete. 
INFO:root:Saving new Image. 
INFO:root:Image saved.
INFO:root:Starting Cutout for 402.png
INFO:root:Cutout complete. 
INFO:root:Saving new Image. 
INFO:root:Image saved.
INFO:root:Starting Cutout for 362.png
INFO:root:Cutout complete. 
INFO:root:Saving new Image. 
INFO:root:Image saved.
INFO:root:Starting Cutout for 442.png
INFO:root:Cutout complete. 
INFO:root:Saving new Image. 
INFO:root:Image saved.
INFO:root:Starting Cutout for 304.png
INFO:root:Cutout complete. 
INFO:root:Saving new Image. 
INFO:root:Image saved.
INFO:root:Starting Cutout for 449.png
INFO:root:Cutout complete. 
INFO:root:Saving new Image. 
INFO:root:Image saved.
INFO:root:Starting Cutout for 177.png
INFO:root:Cutout complete. 
INFO:root:Saving new Image. 
INFO:root:Image saved.
INFO:root:Starting Cutout for 372.png
INFO:root:Cutout complete. 
INFO:root:Saving new Image. 
INFO:root:Image saved.
INFO:root:Starting Cutout for 355.png
INFO:root:Cutout complete. 
INFO:root:Saving new Image. 
INFO:root:Image saved.
INFO:root:Starting Cutout for 89.png
INFO:root:Cutout complete. 
INFO:root:Saving new Image. 
INFO:root:Image saved.
INFO:root:Starting Cutout for 242.png
INFO:root:Cutout complete. 
INFO:root:Saving new Image. 
INFO:root:Image saved.
INFO:root:Starting Cutout for 117.png
INFO:root:Cutout complete. 
INFO:root:Saving new Image. 
INFO:root:Image saved.
INFO:root:Starting Cutout for 414.png
INFO:root:Cutout complete. 
INFO:root:Saving new Image. 
INFO:root:Image saved.
INFO:root:Starting Cutout for 141.png
INFO:root:Cutout complete. 
INFO:root:Saving new Image. 
INFO:root:Image saved.
INFO:root:Starting Cutout for 45.png
INFO:root:Cutout complete. 
INFO:root:Saving new Image. 
INFO:root:Image saved.
INFO:root:Starting Cutout for 254.png
INFO:root:Cutout complete. 
INFO:root:Saving new Image. 
INFO:root:Image saved.
INFO:root:Starting Cutout for 107.png
INFO:root:Cutout complete. 
INFO:root:Saving new Image. 
INFO:root:Image saved.
INFO:root:Starting Cutout for 228.png
INFO:root:Cutout complete. 
INFO:root:Saving new Image. 
INFO:root:Image saved.
INFO:root:Starting Cutout for 389.png
INFO:root:Cutout complete. 
INFO:root:Saving new Image. 
INFO:root:Image saved.
INFO:root:Starting Cutout for 429.png
INFO:root:Cutout complete. 
INFO:root:Saving new Image. 
INFO:root:Image saved.
INFO:root:Starting Cutout for 307.png
INFO:root:Cutout complete. 
INFO:root:Saving new Image. 
INFO:root:Image saved.
INFO:root:Starting Cutout for 64.png
INFO:root:Cutout complete. 
INFO:root:Saving new Image. 
INFO:root:Image saved.
INFO:root:Starting Cutout for 145.png
INFO:root:Cutout complete. 
INFO:root:Saving new Image. 
INFO:root:Image saved.
INFO:root:Starting Cutout for 325.png
INFO:root:Cutout complete. 
INFO:root:Saving new Image. 
INFO:root:Image saved.
INFO:root:Starting Cutout for 363.png
INFO:root:Cutout complete. 
INFO:root:Saving new Image. 
INFO:root:Image saved.
INFO:root:Starting Cutout for 193.png
INFO:root:Cutout complete. 
INFO:root:Saving new Image. 
INFO:root:Image saved.
INFO:root:Starting Cutout for 322.png
INFO:root:Cutout complete. 
INFO:root:Saving new Image. 
INFO:root:Image saved.
INFO:root:Starting Cutout for 178.png
INFO:root:Cutout complete. 
INFO:root:Saving new Image. 
INFO:root:Image saved.
INFO:root:Starting Cutout for 217.png
INFO:root:Cutout complete. 
INFO:root:Saving new Image. 
INFO:root:Image saved.
INFO:root:Starting Cutout for 147.png
INFO:root:Cutout complete. 
INFO:root:Saving new Image. 
INFO:root:Image saved.
INFO:root:Starting Cutout for 293.png
INFO:root:Cutout complete. 
INFO:root:Saving new Image. 
INFO:root:Image saved.
INFO:root:Starting Cutout for 447.png
INFO:root:Cutout complete. 
INFO:root:Saving new Image. 
INFO:root:Image saved.
INFO:root:Starting Cutout for 135.png
INFO:root:Cutout complete. 
INFO:root:Saving new Image. 
INFO:root:Image saved.
INFO:root:Starting Cutout for 180.png
INFO:root:Cutout complete. 
INFO:root:Saving new Image. 
INFO:root:Image saved.
INFO:root:Starting Cutout for 51.png
INFO:root:Cutout complete. 
INFO:root:Saving new Image. 
INFO:root:Image saved.
INFO:root:Starting Cutout for 350.png
INFO:root:Cutout complete. 
INFO:root:Saving new Image. 
INFO:root:Image saved.
INFO:root:Starting Cutout for 39.png
INFO:root:Cutout complete. 
INFO:root:Saving new Image. 
INFO:root:Image saved.
INFO:root:Starting Cutout for 13.png
INFO:root:Cutout complete. 
INFO:root:Saving new Image. 
INFO:root:Image saved.
INFO:root:Starting Cutout for 378.png
INFO:root:Cutout complete. 
INFO:root:Saving new Image. 
INFO:root:Image saved.
INFO:root:Starting Cutout for 128.png
INFO:root:Cutout complete. 
INFO:root:Saving new Image. 
INFO:root:Image saved.
INFO:root:Starting Cutout for 20.png
INFO:root:Cutout complete. 
INFO:root:Saving new Image. 
INFO:root:Image saved.
INFO:root:Starting Cutout for 393.png
INFO:root:Cutout complete. 
INFO:root:Saving new Image. 
INFO:root:Image saved.
INFO:root:Starting Cutout for 261.png
INFO:root:Cutout complete. 
INFO:root:Saving new Image. 
INFO:root:Image saved.
INFO:root:Starting Cutout for 179.png
INFO:root:Cutout complete. 
INFO:root:Saving new Image. 
INFO:root:Image saved.
INFO:root:Starting Cutout for 166.png
INFO:root:Cutout complete. 
INFO:root:Saving new Image. 
INFO:root:Image saved.
INFO:root:Starting Cutout for 282.png
INFO:root:Cutout complete. 
INFO:root:Saving new Image. 
INFO:root:Image saved.
INFO:root:Starting Cutout for 375.png
INFO:root:Cutout complete. 
INFO:root:Saving new Image. 
INFO:root:Image saved.
INFO:root:Starting Cutout for 63.png
INFO:root:Cutting not working for 63.png 
INFO:root:Starting Cutout for 405.png
INFO:root:Cutout complete. 
INFO:root:Saving new Image. 
INFO:root:Image saved.
INFO:root:Starting Cutout for 223.png
INFO:root:Cutout complete. 
INFO:root:Saving new Image. 
INFO:root:Image saved.
INFO:root:Starting Cutout for 170.png
INFO:root:Cutout complete. 
INFO:root:Saving new Image. 
INFO:root:Image saved.
INFO:root:Starting Cutout for 85.png
INFO:root:Cutout complete. 
INFO:root:Saving new Image. 
INFO:root:Image saved.
INFO:root:Starting Cutout for 31.png
INFO:root:Cutout complete. 
INFO:root:Saving new Image. 
INFO:root:Image saved.
INFO:root:Starting Cutout for 32.png
INFO:root:Cutout complete. 
INFO:root:Saving new Image. 
INFO:root:Image saved.
INFO:root:Starting Cutout for 416.png
INFO:root:Cutout complete. 
INFO:root:Saving new Image. 
INFO:root:Image saved.
INFO:root:Starting Cutout for 129.png
INFO:root:Cutout complete. 
INFO:root:Saving new Image. 
INFO:root:Image saved.
INFO:root:Starting Cutout for 295.png
INFO:root:Cutout complete. 
INFO:root:Saving new Image. 
INFO:root:Image saved.
INFO:root:Starting Cutout for 134.png
INFO:root:Cutout complete. 
INFO:root:Saving new Image. 
INFO:root:Image saved.
INFO:root:Starting Cutout for 65.png
INFO:root:Cutout complete. 
INFO:root:Saving new Image. 
INFO:root:Image saved.
INFO:root:Starting Cutout for 342.png
